-------------------------------------------------------------------------------
Test set: com.fulfilment.application.monolith.products.ProductEndpointTest
-------------------------------------------------------------------------------
Tests run: 1, Failures: 0, Errors: 1, Skipped: 0, Time elapsed: 14.34 s <<< FAILURE! -- in com.fulfilment.application.monolith.products.ProductEndpointTest
com.fulfilment.application.monolith.products.ProductEndpointTest.testCrudProduct -- Time elapsed: 0.132 s <<< ERROR!
java.lang.RuntimeException: 
java.lang.RuntimeException: io.quarkus.builder.BuildException: Build failure: Build failed due to errors
	[error]: Build step io.quarkus.hibernate.orm.deployment.HibernateOrmProcessor#pregenProxies threw an exception: java.lang.IllegalArgumentException: Java 23 (67) is not supported by the current version of Byte Buddy which officially supports Java 22 (66) - update Byte Buddy or set net.bytebuddy.experimental as a VM property
	at net.bytebuddy.utility.OpenedClassReader.of(OpenedClassReader.java:100)
	at net.bytebuddy.pool.TypePool$Default.parse(TypePool.java:878)
	at net.bytebuddy.pool.TypePool$Default.doDescribe(TypePool.java:864)
	at net.bytebuddy.pool.TypePool$AbstractBase.describe(TypePool.java:597)
	at net.bytebuddy.pool.TypePool$AbstractBase$Hierarchical.describe(TypePool.java:680)
	at net.bytebuddy.pool.TypePool$Default$LazyTypeDescription$TokenizedGenericType.toErasure(TypePool.java:6929)
	at net.bytebuddy.pool.TypePool$Default$LazyTypeDescription$GenericTypeToken$Resolution$Raw$RawAnnotatedType.of(TypePool.java:3780)
	at net.bytebuddy.pool.TypePool$Default$LazyTypeDescription$GenericTypeToken$Resolution$Raw$RawAnnotatedType$LazyRawAnnotatedTypeList.get(TypePool.java:3881)
	at net.bytebuddy.pool.TypePool$Default$LazyTypeDescription$GenericTypeToken$Resolution$Raw$RawAnnotatedType$LazyRawAnnotatedTypeList.get(TypePool.java:3826)
	at net.bytebuddy.pool.TypePool$Default$LazyTypeDescription$LazyMethodDescription$LazyParameterDescription.getType(TypePool.java:7693)
	at net.bytebuddy.description.method.ParameterDescription$TypeSubstituting.getType(ParameterDescription.java:914)
	at net.bytebuddy.description.method.ParameterDescription$AbstractBase.asToken(ParameterDescription.java:186)
	at net.bytebuddy.description.method.ParameterDescription$AbstractBase.asToken(ParameterDescription.java:135)
	at net.bytebuddy.description.method.ParameterList$AbstractBase.asTokenList(ParameterList.java:96)
	at net.bytebuddy.description.method.MethodDescription$AbstractBase.asToken(MethodDescription.java:903)
	at net.bytebuddy.description.method.MethodDescription$AbstractBase.asToken(MethodDescription.java:453)
	at net.bytebuddy.description.method.MethodList$AbstractBase.asTokenList(MethodList.java:90)
	at net.bytebuddy.dynamic.scaffold.subclass.ConstructorStrategy$Default$5.doExtractConstructors(ConstructorStrategy.java:175)
	at net.bytebuddy.dynamic.scaffold.subclass.ConstructorStrategy$Default.extractConstructors(ConstructorStrategy.java:196)
	at net.bytebuddy.dynamic.scaffold.subclass.SubclassDynamicTypeBuilder.applyConstructorStrategy(SubclassDynamicTypeBuilder.java:242)
	at net.bytebuddy.dynamic.scaffold.subclass.SubclassDynamicTypeBuilder.toTypeWriter(SubclassDynamicTypeBuilder.java:212)
	at net.bytebuddy.dynamic.DynamicType$Builder$AbstractBase$UsingTypeWriter.make(DynamicType.java:4062)
	at net.bytebuddy.dynamic.DynamicType$Builder$AbstractBase.make(DynamicType.java:3732)
	at org.hibernate.bytecode.internal.bytebuddy.ByteBuddyState.make(ByteBuddyState.java:240)
	at org.hibernate.bytecode.internal.bytebuddy.ByteBuddyState.make(ByteBuddyState.java:228)
	at org.hibernate.proxy.pojo.bytebuddy.ByteBuddyProxyHelper.buildUnloadedProxy(ByteBuddyProxyHelper.java:80)
	at io.quarkus.hibernate.orm.deployment.ProxyBuildingHelper.buildUnloadedProxy(ProxyBuildingHelper.java:42)
	at io.quarkus.hibernate.orm.deployment.HibernateOrmProcessor.generatedProxies(HibernateOrmProcessor.java:1572)
	at io.quarkus.hibernate.orm.deployment.HibernateOrmProcessor.pregenProxies(HibernateOrmProcessor.java:433)
	at java.base/jdk.internal.reflect.DirectMethodHandleAccessor.invoke(DirectMethodHandleAccessor.java:103)
	at java.base/java.lang.reflect.Method.invoke(Method.java:580)
	at io.quarkus.deployment.ExtensionLoader$3.execute(ExtensionLoader.java:849)
	at io.quarkus.builder.BuildContext.run(BuildContext.java:256)
	at org.jboss.threads.ContextHandler$1.runWith(ContextHandler.java:18)
	at org.jboss.threads.EnhancedQueueExecutor$Task.doRunWith(EnhancedQueueExecutor.java:2516)
	at org.jboss.threads.EnhancedQueueExecutor$Task.run(EnhancedQueueExecutor.java:2495)
	at org.jboss.threads.EnhancedQueueExecutor$ThreadBody.run(EnhancedQueueExecutor.java:1521)
	at java.base/java.lang.Thread.run(Thread.java:1575)
	at org.jboss.threads.JBossThread.run(JBossThread.java:483)

	[error]: Build step io.quarkus.datasource.deployment.devservices.DevServicesDatasourceProcessor#launchDatabases threw an exception: java.lang.RuntimeException: java.lang.IllegalStateException: Previous attempts to find a Docker environment failed. Will not retry. Please see logs and check configuration
	at io.quarkus.datasource.deployment.devservices.DevServicesDatasourceProcessor.startDevDb(DevServicesDatasourceProcessor.java:367)
	at io.quarkus.datasource.deployment.devservices.DevServicesDatasourceProcessor.launchDatabases(DevServicesDatasourceProcessor.java:121)
	at java.base/jdk.internal.reflect.DirectMethodHandleAccessor.invoke(DirectMethodHandleAccessor.java:103)
	at java.base/java.lang.reflect.Method.invoke(Method.java:580)
	at io.quarkus.deployment.ExtensionLoader$3.execute(ExtensionLoader.java:849)
	at io.quarkus.builder.BuildContext.run(BuildContext.java:256)
	at org.jboss.threads.ContextHandler$1.runWith(ContextHandler.java:18)
	at org.jboss.threads.EnhancedQueueExecutor$Task.doRunWith(EnhancedQueueExecutor.java:2516)
	at org.jboss.threads.EnhancedQueueExecutor$Task.run(EnhancedQueueExecutor.java:2495)
	at org.jboss.threads.EnhancedQueueExecutor$ThreadBody.run(EnhancedQueueExecutor.java:1521)
	at java.base/java.lang.Thread.run(Thread.java:1575)
	at org.jboss.threads.JBossThread.run(JBossThread.java:483)
Caused by: java.lang.IllegalStateException: Previous attempts to find a Docker environment failed. Will not retry. Please see logs and check configuration
	at org.testcontainers.dockerclient.DockerClientProviderStrategy.getFirstValidStrategy(DockerClientProviderStrategy.java:232)
	at org.testcontainers.DockerClientFactory.getOrInitializeStrategy(DockerClientFactory.java:152)
	at org.testcontainers.DockerClientFactory.client(DockerClientFactory.java:194)
	at org.testcontainers.DockerClientFactory$1.getDockerClient(DockerClientFactory.java:106)
	at com.github.dockerjava.api.DockerClientDelegate.authConfig(DockerClientDelegate.java:109)
	at org.testcontainers.containers.GenericContainer.start(GenericContainer.java:329)
	at io.quarkus.devservices.postgresql.deployment.PostgresqlDevServicesProcessor$1.startDatabase(PostgresqlDevServicesProcessor.java:80)
	at io.quarkus.datasource.deployment.devservices.DevServicesDatasourceProcessor.startDevDb(DevServicesDatasourceProcessor.java:293)
	... 11 more

	at io.quarkus.test.junit.QuarkusTestExtension.throwBootFailureException(QuarkusTestExtension.java:634)
	at io.quarkus.test.junit.QuarkusTestExtension.interceptTestClassConstructor(QuarkusTestExtension.java:718)
	at java.base/java.util.Optional.orElseGet(Optional.java:364)
	at java.base/java.util.ArrayList.forEach(ArrayList.java:1597)
	at java.base/java.util.ArrayList.forEach(ArrayList.java:1597)
Caused by: java.lang.RuntimeException: io.quarkus.builder.BuildException: Build failure: Build failed due to errors
	[error]: Build step io.quarkus.hibernate.orm.deployment.HibernateOrmProcessor#pregenProxies threw an exception: java.lang.IllegalArgumentException: Java 23 (67) is not supported by the current version of Byte Buddy which officially supports Java 22 (66) - update Byte Buddy or set net.bytebuddy.experimental as a VM property
	at net.bytebuddy.utility.OpenedClassReader.of(OpenedClassReader.java:100)
	at net.bytebuddy.pool.TypePool$Default.parse(TypePool.java:878)
	at net.bytebuddy.pool.TypePool$Default.doDescribe(TypePool.java:864)
	at net.bytebuddy.pool.TypePool$AbstractBase.describe(TypePool.java:597)
	at net.bytebuddy.pool.TypePool$AbstractBase$Hierarchical.describe(TypePool.java:680)
	at net.bytebuddy.pool.TypePool$Default$LazyTypeDescription$TokenizedGenericType.toErasure(TypePool.java:6929)
	at net.bytebuddy.pool.TypePool$Default$LazyTypeDescription$GenericTypeToken$Resolution$Raw$RawAnnotatedType.of(TypePool.java:3780)
	at net.bytebuddy.pool.TypePool$Default$LazyTypeDescription$GenericTypeToken$Resolution$Raw$RawAnnotatedType$LazyRawAnnotatedTypeList.get(TypePool.java:3881)
	at net.bytebuddy.pool.TypePool$Default$LazyTypeDescription$GenericTypeToken$Resolution$Raw$RawAnnotatedType$LazyRawAnnotatedTypeList.get(TypePool.java:3826)
	at net.bytebuddy.pool.TypePool$Default$LazyTypeDescription$LazyMethodDescription$LazyParameterDescription.getType(TypePool.java:7693)
	at net.bytebuddy.description.method.ParameterDescription$TypeSubstituting.getType(ParameterDescription.java:914)
	at net.bytebuddy.description.method.ParameterDescription$AbstractBase.asToken(ParameterDescription.java:186)
	at net.bytebuddy.description.method.ParameterDescription$AbstractBase.asToken(ParameterDescription.java:135)
	at net.bytebuddy.description.method.ParameterList$AbstractBase.asTokenList(ParameterList.java:96)
	at net.bytebuddy.description.method.MethodDescription$AbstractBase.asToken(MethodDescription.java:903)
	at net.bytebuddy.description.method.MethodDescription$AbstractBase.asToken(MethodDescription.java:453)
	at net.bytebuddy.description.method.MethodList$AbstractBase.asTokenList(MethodList.java:90)
	at net.bytebuddy.dynamic.scaffold.subclass.ConstructorStrategy$Default$5.doExtractConstructors(ConstructorStrategy.java:175)
	at net.bytebuddy.dynamic.scaffold.subclass.ConstructorStrategy$Default.extractConstructors(ConstructorStrategy.java:196)
	at net.bytebuddy.dynamic.scaffold.subclass.SubclassDynamicTypeBuilder.applyConstructorStrategy(SubclassDynamicTypeBuilder.java:242)
	at net.bytebuddy.dynamic.scaffold.subclass.SubclassDynamicTypeBuilder.toTypeWriter(SubclassDynamicTypeBuilder.java:212)
	at net.bytebuddy.dynamic.DynamicType$Builder$AbstractBase$UsingTypeWriter.make(DynamicType.java:4062)
	at net.bytebuddy.dynamic.DynamicType$Builder$AbstractBase.make(DynamicType.java:3732)
	at org.hibernate.bytecode.internal.bytebuddy.ByteBuddyState.make(ByteBuddyState.java:240)
	at org.hibernate.bytecode.internal.bytebuddy.ByteBuddyState.make(ByteBuddyState.java:228)
	at org.hibernate.proxy.pojo.bytebuddy.ByteBuddyProxyHelper.buildUnloadedProxy(ByteBuddyProxyHelper.java:80)
	at io.quarkus.hibernate.orm.deployment.ProxyBuildingHelper.buildUnloadedProxy(ProxyBuildingHelper.java:42)
	at io.quarkus.hibernate.orm.deployment.HibernateOrmProcessor.generatedProxies(HibernateOrmProcessor.java:1572)
	at io.quarkus.hibernate.orm.deployment.HibernateOrmProcessor.pregenProxies(HibernateOrmProcessor.java:433)
	at java.base/jdk.internal.reflect.DirectMethodHandleAccessor.invoke(DirectMethodHandleAccessor.java:103)
	at java.base/java.lang.reflect.Method.invoke(Method.java:580)
	at io.quarkus.deployment.ExtensionLoader$3.execute(ExtensionLoader.java:849)
	at io.quarkus.builder.BuildContext.run(BuildContext.java:256)
	at org.jboss.threads.ContextHandler$1.runWith(ContextHandler.java:18)
	at org.jboss.threads.EnhancedQueueExecutor$Task.doRunWith(EnhancedQueueExecutor.java:2516)
	at org.jboss.threads.EnhancedQueueExecutor$Task.run(EnhancedQueueExecutor.java:2495)
	at org.jboss.threads.EnhancedQueueExecutor$ThreadBody.run(EnhancedQueueExecutor.java:1521)
	at java.base/java.lang.Thread.run(Thread.java:1575)
	at org.jboss.threads.JBossThread.run(JBossThread.java:483)

	[error]: Build step io.quarkus.datasource.deployment.devservices.DevServicesDatasourceProcessor#launchDatabases threw an exception: java.lang.RuntimeException: java.lang.IllegalStateException: Previous attempts to find a Docker environment failed. Will not retry. Please see logs and check configuration
	at io.quarkus.datasource.deployment.devservices.DevServicesDatasourceProcessor.startDevDb(DevServicesDatasourceProcessor.java:367)
	at io.quarkus.datasource.deployment.devservices.DevServicesDatasourceProcessor.launchDatabases(DevServicesDatasourceProcessor.java:121)
	at java.base/jdk.internal.reflect.DirectMethodHandleAccessor.invoke(DirectMethodHandleAccessor.java:103)
	at java.base/java.lang.reflect.Method.invoke(Method.java:580)
	at io.quarkus.deployment.ExtensionLoader$3.execute(ExtensionLoader.java:849)
	at io.quarkus.builder.BuildContext.run(BuildContext.java:256)
	at org.jboss.threads.ContextHandler$1.runWith(ContextHandler.java:18)
	at org.jboss.threads.EnhancedQueueExecutor$Task.doRunWith(EnhancedQueueExecutor.java:2516)
	at org.jboss.threads.EnhancedQueueExecutor$Task.run(EnhancedQueueExecutor.java:2495)
	at org.jboss.threads.EnhancedQueueExecutor$ThreadBody.run(EnhancedQueueExecutor.java:1521)
	at java.base/java.lang.Thread.run(Thread.java:1575)
	at org.jboss.threads.JBossThread.run(JBossThread.java:483)
Caused by: java.lang.IllegalStateException: Previous attempts to find a Docker environment failed. Will not retry. Please see logs and check configuration
	at org.testcontainers.dockerclient.DockerClientProviderStrategy.getFirstValidStrategy(DockerClientProviderStrategy.java:232)
	at org.testcontainers.DockerClientFactory.getOrInitializeStrategy(DockerClientFactory.java:152)
	at org.testcontainers.DockerClientFactory.client(DockerClientFactory.java:194)
	at org.testcontainers.DockerClientFactory$1.getDockerClient(DockerClientFactory.java:106)
	at com.github.dockerjava.api.DockerClientDelegate.authConfig(DockerClientDelegate.java:109)
	at org.testcontainers.containers.GenericContainer.start(GenericContainer.java:329)
	at io.quarkus.devservices.postgresql.deployment.PostgresqlDevServicesProcessor$1.startDatabase(PostgresqlDevServicesProcessor.java:80)
	at io.quarkus.datasource.deployment.devservices.DevServicesDatasourceProcessor.startDevDb(DevServicesDatasourceProcessor.java:293)
	... 11 more

	at io.quarkus.runner.bootstrap.AugmentActionImpl.runAugment(AugmentActionImpl.java:335)
	at io.quarkus.runner.bootstrap.AugmentActionImpl.createInitialRuntimeApplication(AugmentActionImpl.java:254)
	at io.quarkus.runner.bootstrap.AugmentActionImpl.createInitialRuntimeApplication(AugmentActionImpl.java:58)
	at io.quarkus.test.junit.QuarkusTestExtension.doJavaStart(QuarkusTestExtension.java:219)
	at io.quarkus.test.junit.QuarkusTestExtension.ensureStarted(QuarkusTestExtension.java:601)
	at io.quarkus.test.junit.QuarkusTestExtension.beforeAll(QuarkusTestExtension.java:651)
	... 1 more
Caused by: io.quarkus.builder.BuildException: Build failure: Build failed due to errors
	[error]: Build step io.quarkus.hibernate.orm.deployment.HibernateOrmProcessor#pregenProxies threw an exception: java.lang.IllegalArgumentException: Java 23 (67) is not supported by the current version of Byte Buddy which officially supports Java 22 (66) - update Byte Buddy or set net.bytebuddy.experimental as a VM property
	at net.bytebuddy.utility.OpenedClassReader.of(OpenedClassReader.java:100)
	at net.bytebuddy.pool.TypePool$Default.parse(TypePool.java:878)
	at net.bytebuddy.pool.TypePool$Default.doDescribe(TypePool.java:864)
	at net.bytebuddy.pool.TypePool$AbstractBase.describe(TypePool.java:597)
	at net.bytebuddy.pool.TypePool$AbstractBase$Hierarchical.describe(TypePool.java:680)
	at net.bytebuddy.pool.TypePool$Default$LazyTypeDescription$TokenizedGenericType.toErasure(TypePool.java:6929)
	at net.bytebuddy.pool.TypePool$Default$LazyTypeDescription$GenericTypeToken$Resolution$Raw$RawAnnotatedType.of(TypePool.java:3780)
	at net.bytebuddy.pool.TypePool$Default$LazyTypeDescription$GenericTypeToken$Resolution$Raw$RawAnnotatedType$LazyRawAnnotatedTypeList.get(TypePool.java:3881)
	at net.bytebuddy.pool.TypePool$Default$LazyTypeDescription$GenericTypeToken$Resolution$Raw$RawAnnotatedType$LazyRawAnnotatedTypeList.get(TypePool.java:3826)
	at net.bytebuddy.pool.TypePool$Default$LazyTypeDescription$LazyMethodDescription$LazyParameterDescription.getType(TypePool.java:7693)
	at net.bytebuddy.description.method.ParameterDescription$TypeSubstituting.getType(ParameterDescription.java:914)
	at net.bytebuddy.description.method.ParameterDescription$AbstractBase.asToken(ParameterDescription.java:186)
	at net.bytebuddy.description.method.ParameterDescription$AbstractBase.asToken(ParameterDescription.java:135)
	at net.bytebuddy.description.method.ParameterList$AbstractBase.asTokenList(ParameterList.java:96)
	at net.bytebuddy.description.method.MethodDescription$AbstractBase.asToken(MethodDescription.java:903)
	at net.bytebuddy.description.method.MethodDescription$AbstractBase.asToken(MethodDescription.java:453)
	at net.bytebuddy.description.method.MethodList$AbstractBase.asTokenList(MethodList.java:90)
	at net.bytebuddy.dynamic.scaffold.subclass.ConstructorStrategy$Default$5.doExtractConstructors(ConstructorStrategy.java:175)
	at net.bytebuddy.dynamic.scaffold.subclass.ConstructorStrategy$Default.extractConstructors(ConstructorStrategy.java:196)
	at net.bytebuddy.dynamic.scaffold.subclass.SubclassDynamicTypeBuilder.applyConstructorStrategy(SubclassDynamicTypeBuilder.java:242)
	at net.bytebuddy.dynamic.scaffold.subclass.SubclassDynamicTypeBuilder.toTypeWriter(SubclassDynamicTypeBuilder.java:212)
	at net.bytebuddy.dynamic.DynamicType$Builder$AbstractBase$UsingTypeWriter.make(DynamicType.java:4062)
	at net.bytebuddy.dynamic.DynamicType$Builder$AbstractBase.make(DynamicType.java:3732)
	at org.hibernate.bytecode.internal.bytebuddy.ByteBuddyState.make(ByteBuddyState.java:240)
	at org.hibernate.bytecode.internal.bytebuddy.ByteBuddyState.make(ByteBuddyState.java:228)
	at org.hibernate.proxy.pojo.bytebuddy.ByteBuddyProxyHelper.buildUnloadedProxy(ByteBuddyProxyHelper.java:80)
	at io.quarkus.hibernate.orm.deployment.ProxyBuildingHelper.buildUnloadedProxy(ProxyBuildingHelper.java:42)
	at io.quarkus.hibernate.orm.deployment.HibernateOrmProcessor.generatedProxies(HibernateOrmProcessor.java:1572)
	at io.quarkus.hibernate.orm.deployment.HibernateOrmProcessor.pregenProxies(HibernateOrmProcessor.java:433)
	at java.base/jdk.internal.reflect.DirectMethodHandleAccessor.invoke(DirectMethodHandleAccessor.java:103)
	at java.base/java.lang.reflect.Method.invoke(Method.java:580)
	at io.quarkus.deployment.ExtensionLoader$3.execute(ExtensionLoader.java:849)
	at io.quarkus.builder.BuildContext.run(BuildContext.java:256)
	at org.jboss.threads.ContextHandler$1.runWith(ContextHandler.java:18)
	at org.jboss.threads.EnhancedQueueExecutor$Task.doRunWith(EnhancedQueueExecutor.java:2516)
	at org.jboss.threads.EnhancedQueueExecutor$Task.run(EnhancedQueueExecutor.java:2495)
	at org.jboss.threads.EnhancedQueueExecutor$ThreadBody.run(EnhancedQueueExecutor.java:1521)
	at java.base/java.lang.Thread.run(Thread.java:1575)
	at org.jboss.threads.JBossThread.run(JBossThread.java:483)

	[error]: Build step io.quarkus.datasource.deployment.devservices.DevServicesDatasourceProcessor#launchDatabases threw an exception: java.lang.RuntimeException: java.lang.IllegalStateException: Previous attempts to find a Docker environment failed. Will not retry. Please see logs and check configuration
	at io.quarkus.datasource.deployment.devservices.DevServicesDatasourceProcessor.startDevDb(DevServicesDatasourceProcessor.java:367)
	at io.quarkus.datasource.deployment.devservices.DevServicesDatasourceProcessor.launchDatabases(DevServicesDatasourceProcessor.java:121)
	at java.base/jdk.internal.reflect.DirectMethodHandleAccessor.invoke(DirectMethodHandleAccessor.java:103)
	at java.base/java.lang.reflect.Method.invoke(Method.java:580)
	at io.quarkus.deployment.ExtensionLoader$3.execute(ExtensionLoader.java:849)
	at io.quarkus.builder.BuildContext.run(BuildContext.java:256)
	at org.jboss.threads.ContextHandler$1.runWith(ContextHandler.java:18)
	at org.jboss.threads.EnhancedQueueExecutor$Task.doRunWith(EnhancedQueueExecutor.java:2516)
	at org.jboss.threads.EnhancedQueueExecutor$Task.run(EnhancedQueueExecutor.java:2495)
	at org.jboss.threads.EnhancedQueueExecutor$ThreadBody.run(EnhancedQueueExecutor.java:1521)
	at java.base/java.lang.Thread.run(Thread.java:1575)
	at org.jboss.threads.JBossThread.run(JBossThread.java:483)
Caused by: java.lang.IllegalStateException: Previous attempts to find a Docker environment failed. Will not retry. Please see logs and check configuration
	at org.testcontainers.dockerclient.DockerClientProviderStrategy.getFirstValidStrategy(DockerClientProviderStrategy.java:232)
	at org.testcontainers.DockerClientFactory.getOrInitializeStrategy(DockerClientFactory.java:152)
	at org.testcontainers.DockerClientFactory.client(DockerClientFactory.java:194)
	at org.testcontainers.DockerClientFactory$1.getDockerClient(DockerClientFactory.java:106)
	at com.github.dockerjava.api.DockerClientDelegate.authConfig(DockerClientDelegate.java:109)
	at org.testcontainers.containers.GenericContainer.start(GenericContainer.java:329)
	at io.quarkus.devservices.postgresql.deployment.PostgresqlDevServicesProcessor$1.startDatabase(PostgresqlDevServicesProcessor.java:80)
	at io.quarkus.datasource.deployment.devservices.DevServicesDatasourceProcessor.startDevDb(DevServicesDatasourceProcessor.java:293)
	... 11 more

	at io.quarkus.builder.Execution.run(Execution.java:123)
	at io.quarkus.builder.BuildExecutionBuilder.execute(BuildExecutionBuilder.java:79)
	at io.quarkus.deployment.QuarkusAugmentor.run(QuarkusAugmentor.java:159)
	at io.quarkus.runner.bootstrap.AugmentActionImpl.runAugment(AugmentActionImpl.java:331)
	... 6 more
	Suppressed: java.lang.RuntimeException: java.lang.IllegalStateException: Previous attempts to find a Docker environment failed. Will not retry. Please see logs and check configuration
		at io.quarkus.datasource.deployment.devservices.DevServicesDatasourceProcessor.startDevDb(DevServicesDatasourceProcessor.java:367)
		at io.quarkus.datasource.deployment.devservices.DevServicesDatasourceProcessor.launchDatabases(DevServicesDatasourceProcessor.java:121)
		at java.base/java.lang.reflect.Method.invoke(Method.java:580)
		at io.quarkus.deployment.ExtensionLoader$3.execute(ExtensionLoader.java:849)
		at io.quarkus.builder.BuildContext.run(BuildContext.java:256)
		at org.jboss.threads.ContextHandler$1.runWith(ContextHandler.java:18)
		at org.jboss.threads.EnhancedQueueExecutor$Task.doRunWith(EnhancedQueueExecutor.java:2516)
		at org.jboss.threads.EnhancedQueueExecutor$Task.run(EnhancedQueueExecutor.java:2495)
		at org.jboss.threads.EnhancedQueueExecutor$ThreadBody.run(EnhancedQueueExecutor.java:1521)
		at java.base/java.lang.Thread.run(Thread.java:1575)
		at org.jboss.threads.JBossThread.run(JBossThread.java:483)
	Caused by: java.lang.IllegalStateException: Previous attempts to find a Docker environment failed. Will not retry. Please see logs and check configuration
		at org.testcontainers.dockerclient.DockerClientProviderStrategy.getFirstValidStrategy(DockerClientProviderStrategy.java:232)
		at org.testcontainers.DockerClientFactory.getOrInitializeStrategy(DockerClientFactory.java:152)
		at org.testcontainers.DockerClientFactory.client(DockerClientFactory.java:194)
		at org.testcontainers.DockerClientFactory$1.getDockerClient(DockerClientFactory.java:106)
		at com.github.dockerjava.api.DockerClientDelegate.authConfig(DockerClientDelegate.java:109)
		at org.testcontainers.containers.GenericContainer.start(GenericContainer.java:329)
		at io.quarkus.devservices.postgresql.deployment.PostgresqlDevServicesProcessor$1.startDatabase(PostgresqlDevServicesProcessor.java:80)
		at io.quarkus.datasource.deployment.devservices.DevServicesDatasourceProcessor.startDevDb(DevServicesDatasourceProcessor.java:293)
		... 10 more
Caused by: java.lang.IllegalArgumentException: Java 23 (67) is not supported by the current version of Byte Buddy which officially supports Java 22 (66) - update Byte Buddy or set net.bytebuddy.experimental as a VM property
	at net.bytebuddy.utility.OpenedClassReader.of(OpenedClassReader.java:100)
	at net.bytebuddy.pool.TypePool$Default.parse(TypePool.java:878)
	at net.bytebuddy.pool.TypePool$Default.doDescribe(TypePool.java:864)
	at net.bytebuddy.pool.TypePool$AbstractBase.describe(TypePool.java:597)
	at net.bytebuddy.pool.TypePool$AbstractBase$Hierarchical.describe(TypePool.java:680)
	at net.bytebuddy.pool.TypePool$Default$LazyTypeDescription$TokenizedGenericType.toErasure(TypePool.java:6929)
	at net.bytebuddy.pool.TypePool$Default$LazyTypeDescription$GenericTypeToken$Resolution$Raw$RawAnnotatedType.of(TypePool.java:3780)
	at net.bytebuddy.pool.TypePool$Default$LazyTypeDescription$GenericTypeToken$Resolution$Raw$RawAnnotatedType$LazyRawAnnotatedTypeList.get(TypePool.java:3881)
	at net.bytebuddy.pool.TypePool$Default$LazyTypeDescription$GenericTypeToken$Resolution$Raw$RawAnnotatedType$LazyRawAnnotatedTypeList.get(TypePool.java:3826)
	at net.bytebuddy.pool.TypePool$Default$LazyTypeDescription$LazyMethodDescription$LazyParameterDescription.getType(TypePool.java:7693)
	at net.bytebuddy.description.method.ParameterDescription$TypeSubstituting.getType(ParameterDescription.java:914)
	at net.bytebuddy.description.method.ParameterDescription$AbstractBase.asToken(ParameterDescription.java:186)
	at net.bytebuddy.description.method.ParameterDescription$AbstractBase.asToken(ParameterDescription.java:135)
	at net.bytebuddy.description.method.ParameterList$AbstractBase.asTokenList(ParameterList.java:96)
	at net.bytebuddy.description.method.MethodDescription$AbstractBase.asToken(MethodDescription.java:903)
	at net.bytebuddy.description.method.MethodDescription$AbstractBase.asToken(MethodDescription.java:453)
	at net.bytebuddy.description.method.MethodList$AbstractBase.asTokenList(MethodList.java:90)
	at net.bytebuddy.dynamic.scaffold.subclass.ConstructorStrategy$Default$5.doExtractConstructors(ConstructorStrategy.java:175)
	at net.bytebuddy.dynamic.scaffold.subclass.ConstructorStrategy$Default.extractConstructors(ConstructorStrategy.java:196)
	at net.bytebuddy.dynamic.scaffold.subclass.SubclassDynamicTypeBuilder.applyConstructorStrategy(SubclassDynamicTypeBuilder.java:242)
	at net.bytebuddy.dynamic.scaffold.subclass.SubclassDynamicTypeBuilder.toTypeWriter(SubclassDynamicTypeBuilder.java:212)
	at net.bytebuddy.dynamic.DynamicType$Builder$AbstractBase$UsingTypeWriter.make(DynamicType.java:4062)
	at net.bytebuddy.dynamic.DynamicType$Builder$AbstractBase.make(DynamicType.java:3732)
	at org.hibernate.bytecode.internal.bytebuddy.ByteBuddyState.make(ByteBuddyState.java:240)
	at org.hibernate.bytecode.internal.bytebuddy.ByteBuddyState.make(ByteBuddyState.java:228)
	at org.hibernate.proxy.pojo.bytebuddy.ByteBuddyProxyHelper.buildUnloadedProxy(ByteBuddyProxyHelper.java:80)
	at io.quarkus.hibernate.orm.deployment.ProxyBuildingHelper.buildUnloadedProxy(ProxyBuildingHelper.java:42)
	at io.quarkus.hibernate.orm.deployment.HibernateOrmProcessor.generatedProxies(HibernateOrmProcessor.java:1572)
	at io.quarkus.hibernate.orm.deployment.HibernateOrmProcessor.pregenProxies(HibernateOrmProcessor.java:433)
	at java.base/java.lang.reflect.Method.invoke(Method.java:580)
	at io.quarkus.deployment.ExtensionLoader$3.execute(ExtensionLoader.java:849)
	at io.quarkus.builder.BuildContext.run(BuildContext.java:256)
	at org.jboss.threads.ContextHandler$1.runWith(ContextHandler.java:18)
	at org.jboss.threads.EnhancedQueueExecutor$Task.doRunWith(EnhancedQueueExecutor.java:2516)
	at org.jboss.threads.EnhancedQueueExecutor$Task.run(EnhancedQueueExecutor.java:2495)
	at org.jboss.threads.EnhancedQueueExecutor$ThreadBody.run(EnhancedQueueExecutor.java:1521)
	at java.base/java.lang.Thread.run(Thread.java:1575)
	at org.jboss.threads.JBossThread.run(JBossThread.java:483)

